<?xml version="1.0" encoding="UTF-8" ?>
<testsuite failures="0" time="6.099" errors="0" skipped="0" tests="36" name="thredds.server.sos.getObs.SOSgetObsTest">
  <properties>
    <property name="java.runtime.name" value="Java(TM) SE Runtime Environment"/>
    <property name="sun.boot.library.path" value="C:\Program Files\Java\jdk1.7.0_04\jre\bin"/>
    <property name="java.vm.version" value="23.0-b21"/>
    <property name="java.vm.vendor" value="Oracle Corporation"/>
    <property name="java.vendor.url" value="http://java.oracle.com/"/>
    <property name="path.separator" value=";"/>
    <property name="guice.disable.misplaced.annotation.check" value="true"/>
    <property name="java.vm.name" value="Java HotSpot(TM) 64-Bit Server VM"/>
    <property name="file.encoding.pkg" value="sun.io"/>
    <property name="user.script" value=""/>
    <property name="user.country" value="US"/>
    <property name="sun.java.launcher" value="SUN_STANDARD"/>
    <property name="sun.os.patch.level" value="Service Pack 1"/>
    <property name="java.vm.specification.name" value="Java Virtual Machine Specification"/>
    <property name="user.dir" value="c:\Users\scowan\Projects\maven\ncSOS"/>
    <property name="java.runtime.version" value="1.7.0_04-b22"/>
    <property name="java.awt.graphicsenv" value="sun.awt.Win32GraphicsEnvironment"/>
    <property name="java.endorsed.dirs" value="C:\Program Files\Java\jdk1.7.0_04\jre\lib\endorsed"/>
    <property name="os.arch" value="amd64"/>
    <property name="java.io.tmpdir" value="C:\Users\scowan\AppData\Local\Temp\"/>
    <property name="line.separator" value="
"/>
    <property name="java.vm.specification.vendor" value="Oracle Corporation"/>
    <property name="user.variant" value=""/>
    <property name="os.name" value="Windows 7"/>
    <property name="classworlds.conf" value="C:\apache_maven\bin\m2.conf"/>
    <property name="sun.jnu.encoding" value="Cp1252"/>
    <property name="java.library.path" value="C:\Program Files\Java\jdk1.7.0_04\bin;C:\Windows\Sun\Java\bin;C:\Windows\system32;C:\Windows;C:\Program Files\Common Files\Microsoft Shared\Windows Live;C:\Program Files (x86)\Common Files\Microsoft Shared\Windows Live;C:\Windows\system32;C:\Windows;C:\Windows\System32\Wbem;C:\Windows\System32\WindowsPowerShell\v1.0\;c:\Program Files (x86)\ATI Technologies\ATI.ACE\Core-Static;C:\Program Files (x86)\Intel\Services\IPT\;C:\Program Files (x86)\NTRU Cryptosystems\NTRU TCG Software Stack\bin\;C:\Program Files\NTRU Cryptosystems\NTRU TCG Software Stack\bin\;C:\Program Files\Dell\Dell Data Protection\Access\Advanced\Wave\Gemalto\Access Client\v5\;C:\Program Files (x86)\Windows Live\Shared;C:\Program Files (x86)\Common Files\Roxio Shared\DLLShared\;C:\Program Files (x86)\Common Files\Roxio Shared\OEM\DLLShared\;C:\Program Files (x86)\Common Files\Roxio Shared\OEM\DLLShared\;C:\Program Files (x86)\Common Files\Roxio Shared\OEM\12.0\DLLShared\;C:\Program Files (x86)\Roxio\OEM\AudioCore\;c:\Program Files (x86)\Microsoft SQL Server\90\Tools\binn\;c:\Program Files (x86)\Microsoft SQL Server\100\Tools\Binn\;c:\Program Files\Microsoft SQL Server\100\Tools\Binn\;c:\Program Files\Microsoft SQL Server\100\DTS\Binn\;C:\Python27\Scripts;C:\Python27;C:\Program Files (x86)\Heroku\bin;C:\Program Files (x86)\ruby-1.9.3\bin;C:\Program Files (x86)\git\bin;C:\Program Files (x86)\git\cmd;C:\Program Files (x86)\Git\cmd;C:\mongodb\bin;C:\apache_maven\bin;C:\Program Files\Java\jdk1.7.0_04\bin;C:\Program Files\Java\jdk1.7.0_04\bin;."/>
    <property name="java.specification.name" value="Java Platform API Specification"/>
    <property name="java.class.version" value="51.0"/>
    <property name="sun.management.compiler" value="HotSpot 64-Bit Tiered Compilers"/>
    <property name="os.version" value="6.1"/>
    <property name="user.home" value="C:\Users\scowan"/>
    <property name="user.timezone" value="America/New_York"/>
    <property name="java.awt.printerjob" value="sun.awt.windows.WPrinterJob"/>
    <property name="java.specification.version" value="1.7"/>
    <property name="file.encoding" value="Cp1252"/>
    <property name="user.name" value="SCowan"/>
    <property name="java.class.path" value="C:\apache_maven\boot\plexus-classworlds-2.4.jar"/>
    <property name="java.vm.specification.version" value="1.7"/>
    <property name="sun.arch.data.model" value="64"/>
    <property name="java.home" value="C:\Program Files\Java\jdk1.7.0_04\jre"/>
    <property name="sun.java.command" value="org.codehaus.plexus.classworlds.launcher.Launcher test"/>
    <property name="java.specification.vendor" value="Oracle Corporation"/>
    <property name="user.language" value="en"/>
    <property name="awt.toolkit" value="sun.awt.windows.WToolkit"/>
    <property name="java.vm.info" value="mixed mode"/>
    <property name="java.version" value="1.7.0_04"/>
    <property name="java.ext.dirs" value="C:\Program Files\Java\jdk1.7.0_04\jre\lib\ext;C:\Windows\Sun\Java\lib\ext"/>
    <property name="sun.boot.class.path" value="C:\Program Files\Java\jdk1.7.0_04\jre\lib\resources.jar;C:\Program Files\Java\jdk1.7.0_04\jre\lib\rt.jar;C:\Program Files\Java\jdk1.7.0_04\jre\lib\sunrsasign.jar;C:\Program Files\Java\jdk1.7.0_04\jre\lib\jsse.jar;C:\Program Files\Java\jdk1.7.0_04\jre\lib\jce.jar;C:\Program Files\Java\jdk1.7.0_04\jre\lib\charsets.jar;C:\Program Files\Java\jdk1.7.0_04\jre\lib\jfr.jar;C:\Program Files\Java\jdk1.7.0_04\jre\classes"/>
    <property name="java.vendor" value="Oracle Corporation"/>
    <property name="maven.home" value="C:\apache_maven"/>
    <property name="file.separator" value="\"/>
    <property name="java.vendor.url.bug" value="http://bugreport.sun.com/bugreport/"/>
    <property name="sun.cpu.endian" value="little"/>
    <property name="sun.io.unicode.encoding" value="UnicodeLittle"/>
    <property name="sun.desktop" value="windows"/>
    <property name="sun.cpu.isalist" value="amd64"/>
  </properties>
  <testcase time="0.039" classname="thredds.server.sos.getObs.SOSgetObsTest" name="testIncompleteMultiDimensionalMultipleProfiles"/>
  <testcase time="0.056" classname="thredds.server.sos.getObs.SOSgetObsTest" name="testOrthogonalMultiDimensionalMultipleProfiles"/>
  <testcase time="0.008" classname="thredds.server.sos.getObs.SOSgetObsTest" name="testMultiTimeSeriesProfileRequestInvalidDates"/>
  <testcase time="0.01" classname="thredds.server.sos.getObs.SOSgetObsTest" name="testTimeSeriesOrthogonalMultidimenstionalMultipleStations"/>
  <testcase time="0.012" classname="thredds.server.sos.getObs.SOSgetObsTest" name="testContiguousRaggedMultipleProfilesMultiTime3"/>
  <testcase time="0.012" classname="thredds.server.sos.getObs.SOSgetObsTest" name="testContiguousRaggedMultipleProfilesMultiTime"/>
  <testcase time="0.01" classname="thredds.server.sos.getObs.SOSgetObsTest" name="testContiguousRaggedMultipleProfilesMultiTime2"/>
  <testcase time="0.007" classname="thredds.server.sos.getObs.SOSgetObsTest" name="testenhanceMultiRaggedDataset"/>
  <testcase time="0.008" classname="thredds.server.sos.getObs.SOSgetObsTest" name="testMultiDimensionalSingleStations"/>
  <testcase time="0.008" classname="thredds.server.sos.getObs.SOSgetObsTest" name="testMultiDimensionalMultiStations"/>
  <testcase time="0.008" classname="thredds.server.sos.getObs.SOSgetObsTest" name="testContiguousRaggedMultipleProfiles"/>
  <testcase time="0.009" classname="thredds.server.sos.getObs.SOSgetObsTest" name="testIndexedRaggedMultipleProfiles"/>
  <testcase time="0.008" classname="thredds.server.sos.getObs.SOSgetObsTest" name="testOrthogonalSingleDimensionalSingleProfile"/>
  <testcase time="0.022" classname="thredds.server.sos.getObs.SOSgetObsTest" name="testMultiTimeCreateDataStruct3Stations"/>
  <testcase time="0.015" classname="thredds.server.sos.getObs.SOSgetObsTest" name="testMultiTimeCreateDataStruct"/>
  <testcase time="0.011" classname="thredds.server.sos.getObs.SOSgetObsTest" name="testTimeSeriesIncompleteDataMultiTimeInvalid"/>
  <testcase time="0.011" classname="thredds.server.sos.getObs.SOSgetObsTest" name="testTimeSeriesIncompleteDataMultiTime"/>
  <testcase time="0.007" classname="thredds.server.sos.getObs.SOSgetObsTest" name="testMultiTimeSeriesProfileRequest"/>
  <testcase time="0.007" classname="thredds.server.sos.getObs.SOSgetObsTest" name="testMultiDimensionalSingleStationsTimeTestT2"/>
  <testcase time="0.007" classname="thredds.server.sos.getObs.SOSgetObsTest" name="testMultiDimensionalSingleStationsTimeTestT1"/>
  <testcase time="0.008" classname="thredds.server.sos.getObs.SOSgetObsTest" name="testMultiDimensionalMultiStationsStation2"/>
  <testcase time="0.015" classname="thredds.server.sos.getObs.SOSgetObsTest" name="testMultiDimensionalMultiStation"/>
  <testcase time="0.217" classname="thredds.server.sos.getObs.SOSgetObsTest" name="testenhanceImeds1"/>
  <testcase time="0.116" classname="thredds.server.sos.getObs.SOSgetObsTest" name="testenhanceImeds4"/>
  <testcase time="0.012" classname="thredds.server.sos.getObs.SOSgetObsTest" name="testenhanceImeds5"/>
  <testcase time="0.322" classname="thredds.server.sos.getObs.SOSgetObsTest" name="testenhanceImeds6"/>
  <testcase time="0.364" classname="thredds.server.sos.getObs.SOSgetObsTest" name="testenhanceImeds7"/>
  <testcase time="0.331" classname="thredds.server.sos.getObs.SOSgetObsTest" name="testenhanceImeds8"/>
  <testcase time="0.685" classname="thredds.server.sos.getObs.SOSgetObsTest" name="testenhanceImeds9"/>
  <testcase time="0.236" classname="thredds.server.sos.getObs.SOSgetObsTest" name="testenhanceImeds10"/>
  <testcase time="0.244" classname="thredds.server.sos.getObs.SOSgetObsTest" name="testenhanceImeds11"/>
  <testcase time="1.668" classname="thredds.server.sos.getObs.SOSgetObsTest" name="testenhanceImeds13"/>
  <testcase time="1.247" classname="thredds.server.sos.getObs.SOSgetObsTest" name="testenhanceImeds14"/>
  <testcase time="0.341" classname="thredds.server.sos.getObs.SOSgetObsTest" name="testenhanceImeds15"/>
  <testcase time="0.006" classname="thredds.server.sos.getObs.SOSgetObsTest" name="testTimeSeriesIncomplete"/>
  <testcase time="0.008" classname="thredds.server.sos.getObs.SOSgetObsTest" name="testTimeSeriesIncompleteTime"/>
</testsuite>